Arguments: 
  /home/andres/.nvm/versions/node/v16.13.1/bin/node /home/andres/.yarn/bin/yarn.js add preact

PATH: 
  /home/andres/.yarn/bin:/home/andres/.config/yarn/global/node_modules/.bin:/home/andres/.local/bin:/home/andres/.yarn/bin:/home/andres/.config/yarn/global/node_modules/.bin:/home/andres/.local/bin:/home/andres/.nvm/versions/node/v16.13.1/bin:/home/andres/.local/bin:/usr/local/sbin:/usr/local/bin:/usr/sbin:/usr/bin:/sbin:/bin:/usr/games:/usr/local/games:/snap/bin:/usr/local/go/bin:/bin

Yarn version: 
  1.22.5

Node version: 
  16.13.1

Platform: 
  linux x64

Trace: 
  SyntaxError: /home/andres/personal/tour-renderer/package.json: Unexpected token } in JSON at position 450
      at JSON.parse (<anonymous>)
      at /home/andres/.yarn/lib/cli.js:1625:59
      at Generator.next (<anonymous>)
      at step (/home/andres/.yarn/lib/cli.js:310:30)
      at /home/andres/.yarn/lib/cli.js:321:13

npm manifest: 
  {
  	"name": "tour-renderer",
  	"version": "1.0.0",
  	"description": "Pannellum wrapper to create virtual tours",
  	"license": "MIT",
  	"main": "dist/TourRenderer.js",
  	"types": "dist/TourRenderer.d.ts",
  	"files": [
  		"/dist"
  	],
  	"dependencies": {
  		"@rollup/plugin-node-resolve": "^15.0.1",
  		"@types/react": "^18.0.26",
  		"@types/react-dom": "^18.0.9",
  		"anchorme": "^2.1.2",
  		"dompurify": "^2.3.3",
  		"linkstate": "^2.0.1",
  		"pannellum": "^2.5.6",
  	},
  	"devDependencies": {
  		"css-loader": "^6.5.1",
  		"esbuild": "^0.16.7",
  		"less": "^4.1.2",
  		"less-loader": "^10.2.0",
  		"rollup": "^3.7.4",
  		"rollup-plugin-dts": "^5.0.0",
  		"rollup-plugin-esbuild": "^5.0.0",
  		"style-loader": "^3.3.1",
  		"tachyons": "^4.12.0",
  		"ts-loader": "^9.2.6",
  		"tslint": "5.8.0",
  		"typescript": "^4.9.4",
  		"webpack": "^5.64.4",
  		"webpack-cli": "^4.9.1",
  		"webpack-dev-server": "^4.6.0"
  	},
  	"scripts": {
  		"start": "webpack-dev-server --config examples/webpack.js",
  		"start:pro": "webpack-dev-server --config webpack/webpack.test.prod",
  		"build": "rollup -c rollup.config.mjs",
  		"build:dev": "webpack --display-modules --config webpack/webpack.dev",
  		"test": "karma start"
  	}
  }

yarn manifest: 
  No manifest

Lockfile: 
  No lockfile
